<?xml version="1.0" encoding="UTF-8"?>
<testsuites>
    <testsuite name="force.apex" timestamp="2017-08-16T12:03:43+05:30" hostname="https://data-platform-2119-dev-ed.cs64.my.salesforce.com" tests="10" failures="0"  errors="0"  time="0.31">
        <properties>
            <property name="outcome" value="Passed"/>
            <property name="testsRan" value="10"/>
            <property name="passing" value="10"/>
            <property name="failing" value="0"/>
            <property name="skipped" value="0"/>
            <property name="passRate" value="100%"/>
            <property name="failRate" value="0%"/>
            <property name="testStartTime" value="Aug 16, 2017 12:03 PM"/>
            <property name="testExecutionTime" value="0.31 s"/>
            <property name="testTotalTime" value="0.31 s"/>
            <property name="commandTime" value="9.74 s"/>
            <property name="hostname" value="https://data-platform-2119-dev-ed.cs64.my.salesforce.com"/>
            <property name="orgId" value="00D0q000000Cn8FEAS"/>
            <property name="username" value="test-xs0m97dprqjg@demo_company.net"/>
            <property name="userId" value="0050q000000JkjtAAC"/>
            <property name="testRunId" value="7070q000004njmj"/>
        </properties>
        <testcase name="checkRedirect" classname="HomeTest" time="0.01">
        </testcase>
        <testcase name="hideusers" classname="TestFetchData" time="0.01">
        </testcase>
        <testcase name="logoutUsers" classname="TestFetchData" time="0.01">
        </testcase>
        <testcase name="testFetch" classname="TestFetchData" time="0.04">
        </testcase>
        <testcase name="updateUsers" classname="TestFetchData" time="0.04">
        </testcase>
        <testcase name="saveDataTest" classname="TestLogin" time="0.03">
        </testcase>
        <testcase name="checkAdminMethod" classname="TestRaja_Test" time="0.06">
        </testcase>
        <testcase name="checkCredentialMethod" classname="TestRaja_Test" time="0.02">
        </testcase>
        <testcase name="myUnitTest" classname="UserDetailsTest" time="0.05">
        </testcase>
        <testcase name="checkBoard" classname="UserTestDashboard" time="0.04">
        </testcase>
    </testsuite>
</testsuites>
