<?xml version="1.0" encoding="UTF-8"?>
<testsuites>
    <testsuite name="force.apex" timestamp="2017-08-17T18:47:44+05:30" hostname="https://inspiration-drive-7468-dev-ed.cs70.my.salesforce.com" tests="10" failures="0"  errors="0"  time="0.43">
        <properties>
            <property name="outcome" value="Passed"/>
            <property name="testsRan" value="10"/>
            <property name="passing" value="10"/>
            <property name="failing" value="0"/>
            <property name="skipped" value="0"/>
            <property name="passRate" value="100%"/>
            <property name="failRate" value="0%"/>
            <property name="testStartTime" value="Aug 17, 2017 6:47 PM"/>
            <property name="testExecutionTime" value="0.43 s"/>
            <property name="testTotalTime" value="0.43 s"/>
            <property name="commandTime" value="13.5 s"/>
            <property name="hostname" value="https://inspiration-drive-7468-dev-ed.cs70.my.salesforce.com"/>
            <property name="orgId" value="00D3D0000000UVuUAM"/>
            <property name="username" value="test-gyyzmzthwu0e@demo_company.net"/>
            <property name="userId" value="0053D000000JHYzQAO"/>
            <property name="testRunId" value="7073D000003vHJS"/>
        </properties>
        <testcase name="checkRedirect" classname="HomeTest" time="0.01">
        </testcase>
        <testcase name="hideusers" classname="TestFetchData" time="0.01">
        </testcase>
        <testcase name="logoutUsers" classname="TestFetchData" time="0">
        </testcase>
        <testcase name="testFetch" classname="TestFetchData" time="0.03">
        </testcase>
        <testcase name="updateUsers" classname="TestFetchData" time="0.09">
        </testcase>
        <testcase name="saveDataTest" classname="TestLogin" time="0.05">
        </testcase>
        <testcase name="checkAdminMethod" classname="TestRaja_Test" time="0.08">
        </testcase>
        <testcase name="checkCredentialMethod" classname="TestRaja_Test" time="0.02">
        </testcase>
        <testcase name="myUnitTest" classname="UserDetailsTest" time="0.05">
        </testcase>
        <testcase name="checkBoard" classname="UserTestDashboard" time="0.08">
        </testcase>
    </testsuite>
</testsuites>
