<?xml version="1.0" encoding="UTF-8"?>
<testsuites>
    <testsuite name="force.apex" timestamp="2017-08-17T18:40:45+05:30" hostname="https://nosoftware-nosoftware-7321-dev-ed.cs66.my.salesforce.com" tests="10" failures="0"  errors="0"  time="0.37">
        <properties>
            <property name="outcome" value="Passed"/>
            <property name="testsRan" value="10"/>
            <property name="passing" value="10"/>
            <property name="failing" value="0"/>
            <property name="skipped" value="0"/>
            <property name="passRate" value="100%"/>
            <property name="failRate" value="0%"/>
            <property name="testStartTime" value="Aug 17, 2017 6:40 PM"/>
            <property name="testExecutionTime" value="0.37 s"/>
            <property name="testTotalTime" value="0.37 s"/>
            <property name="commandTime" value="11.53 s"/>
            <property name="hostname" value="https://nosoftware-nosoftware-7321-dev-ed.cs66.my.salesforce.com"/>
            <property name="orgId" value="00D0v000000CoAmEAK"/>
            <property name="username" value="test-gwovdmr0eqax@demo_company.net"/>
            <property name="userId" value="0050v000000aPmwAAE"/>
            <property name="testRunId" value="7070v000002kk0i"/>
        </properties>
        <testcase name="checkRedirect" classname="HomeTest" time="0.01">
        </testcase>
        <testcase name="hideusers" classname="TestFetchData" time="0.01">
        </testcase>
        <testcase name="logoutUsers" classname="TestFetchData" time="0">
        </testcase>
        <testcase name="testFetch" classname="TestFetchData" time="0.04">
        </testcase>
        <testcase name="updateUsers" classname="TestFetchData" time="0.04">
        </testcase>
        <testcase name="saveDataTest" classname="TestLogin" time="0.09">
        </testcase>
        <testcase name="checkAdminMethod" classname="TestRaja_Test" time="0.08">
        </testcase>
        <testcase name="checkCredentialMethod" classname="TestRaja_Test" time="0.02">
        </testcase>
        <testcase name="myUnitTest" classname="UserDetailsTest" time="0.03">
        </testcase>
        <testcase name="checkBoard" classname="UserTestDashboard" time="0.06">
        </testcase>
    </testsuite>
</testsuites>
